# JRE version: Java(TM) SE Runtime Environment (25.0.2+10) (build 25.0.2+10-LTS-69)
# Java VM: Java HotSpot(TM) 64-Bit Server VM (25.0.2+10-LTS-69, mixed mode, sharing, tiered, compressed oops, compressed class ptrs, g1 gc, windows-amd64)
GC Precious Log:
 CardTable entry size: 512
 Card Set container configuration: InlinePtr #cards 4 size 8 Array Of Cards #cards 16 size 48 Howl #buckets 8 coarsen threshold 3686 Howl Bitmap #cards 512 size 80 coarsen threshold 460 Card regions per heap region 1 cards per card region 4096
 CPUs: 8 total, 8 available
 Memory: 12063M
 Large Page Support: Disabled
 NUMA Support: Disabled
 Compressed Oops: Enabled (Zero based)
 Heap Region Size: 2M
 Heap Min Capacity: 8M
 Heap Initial Capacity: 190M
 Heap Max Capacity: 3016M
 Pre-touch: Disabled
 Parallel Workers: 8
 Concurrent Workers: 2
 Concurrent Refinement Workers: 8
 Periodic GC: Disabled
Heap:
 garbage-first heap   total reserved 3088384K, committed 86016K, used 68607K [0x0000000743800000, 0x0000000800000000)
  region size 2048K, 21 young (43008K), 3 survivors (6144K)
GC Heap Usage History (20 events):
Event: 14.337 {heap Before GC invocations=16 (full 0):
 garbage-first heap   total reserved 3088384K, committed 69632K, used 56457K [0x0000000743800000, 0x0000000800000000)
  region size 2048K, 20 young (40960K), 3 survivors (6144K)
}
Event: 14.341 {heap After GC invocations=17 (full 0):
 garbage-first heap   total reserved 3088384K, committed 69632K, used 24493K [0x0000000743800000, 0x0000000800000000)
  region size 2048K, 2 young (4096K), 2 survivors (4096K)
}
Event: 14.593 {heap Before GC invocations=17 (full 0):
 garbage-first heap   total reserved 3088384K, committed 69632K, used 61357K [0x0000000743800000, 0x0000000800000000)
  region size 2048K, 20 young (40960K), 2 survivors (4096K)
}
Event: 14.596 {heap After GC invocations=18 (full 0):
 garbage-first heap   total reserved 3088384K, committed 69632K, used 25050K [0x0000000743800000, 0x0000000800000000)
  region size 2048K, 2 young (4096K), 2 survivors (4096K)
}
Event: 14.955 {heap Before GC invocations=18 (full 0):
 garbage-first heap   total reserved 3088384K, committed 69632K, used 55770K [0x0000000743800000, 0x0000000800000000)
  region size 2048K, 18 young (36864K), 2 survivors (4096K)
}
Event: 14.959 {heap After GC invocations=19 (full 0):
 garbage-first heap   total reserved 3088384K, committed 83968K, used 25692K [0x0000000743800000, 0x0000000800000000)
  region size 2048K, 2 young (4096K), 2 survivors (4096K)
}
Event: 16.071 {heap Before GC invocations=20 (full 0):
 garbage-first heap   total reserved 3088384K, committed 83968K, used 70748K [0x0000000743800000, 0x0000000800000000)
  region size 2048K, 24 young (49152K), 2 survivors (4096K)
}
Event: 16.077 {heap After GC invocations=21 (full 0):
 garbage-first heap   total reserved 3088384K, committed 83968K, used 27435K [0x0000000743800000, 0x0000000800000000)
  region size 2048K, 3 young (6144K), 3 survivors (6144K)
}
Event: 16.546 {heap Before GC invocations=21 (full 0):
 garbage-first heap   total reserved 3088384K, committed 83968K, used 68395K [0x0000000743800000, 0x0000000800000000)
  region size 2048K, 24 young (49152K), 3 survivors (6144K)
}
Event: 16.555 {heap After GC invocations=22 (full 0):
 garbage-first heap   total reserved 3088384K, committed 83968K, used 29293K [0x0000000743800000, 0x0000000800000000)
  region size 2048K, 3 young (6144K), 3 survivors (6144K)
}
Event: 17.112 {heap Before GC invocations=22 (full 0):
 garbage-first heap   total reserved 3088384K, committed 83968K, used 72301K [0x0000000743800000, 0x0000000800000000)
  region size 2048K, 24 young (49152K), 3 survivors (6144K)
}
Event: 17.119 {heap After GC invocations=23 (full 0):
 garbage-first heap   total reserved 3088384K, committed 83968K, used 31031K [0x0000000743800000, 0x0000000800000000)
  region size 2048K, 2 young (4096K), 2 survivors (4096K)
}
Event: 17.293 {heap Before GC invocations=23 (full 0):
 garbage-first heap   total reserved 3088384K, committed 83968K, used 76087K [0x0000000743800000, 0x0000000800000000)
  region size 2048K, 24 young (49152K), 2 survivors (4096K)
}
Event: 17.298 {heap After GC invocations=24 (full 0):
 garbage-first heap   total reserved 3088384K, committed 83968K, used 31500K [0x0000000743800000, 0x0000000800000000)
  region size 2048K, 2 young (4096K), 2 survivors (4096K)
}
Event: 17.884 {heap Before GC invocations=25 (full 0):
 garbage-first heap   total reserved 3088384K, committed 83968K, used 74508K [0x0000000743800000, 0x0000000800000000)
  region size 2048K, 23 young (47104K), 2 survivors (4096K)
}
Event: 17.889 {heap After GC invocations=26 (full 0):
 garbage-first heap   total reserved 3088384K, committed 83968K, used 33194K [0x0000000743800000, 0x0000000800000000)
  region size 2048K, 2 young (4096K), 2 survivors (4096K)
}
Event: 18.727 {heap Before GC invocations=26 (full 0):
 garbage-first heap   total reserved 3088384K, committed 83968K, used 76202K [0x0000000743800000, 0x0000000800000000)
  region size 2048K, 23 young (47104K), 2 survivors (4096K)
}
Event: 18.736 {heap After GC invocations=27 (full 0):
 garbage-first heap   total reserved 3088384K, committed 83968K, used 34365K [0x0000000743800000, 0x0000000800000000)
  region size 2048K, 2 young (4096K), 2 survivors (4096K)
}
Event: 71.129 {heap Before GC invocations=27 (full 0):
 garbage-first heap   total reserved 3088384K, committed 83968K, used 75325K [0x0000000743800000, 0x0000000800000000)
  region size 2048K, 23 young (47104K), 2 survivors (4096K)
}
Event: 71.136 {heap After GC invocations=28 (full 0):
 garbage-first heap   total reserved 3088384K, committed 86016K, used 35839K [0x0000000743800000, 0x0000000800000000)
  region size 2048K, 3 young (6144K), 3 survivors (6144K)
}

